SafeRoute/SafeRoute/app/build/outputs/mapping/release/seeds.txt
com.saferoute.domain.model.LocationData
com.saferoute.domain.model.AuthResult$Success
com.saferoute.presentation.viewmodels.ContactsViewModel_Factory
com.saferoute.presentation.viewmodels.SafeZonesViewModel_HiltModules_KeyModule_ProvideFactory
com.saferoute.SafeRouteApplication_HiltComponents$ViewC$Builder
com.saferoute.DaggerSafeRouteApplication_HiltComponents_SingletonC$FragmentCImpl
com.saferoute.data.repository.EmergencyContactRepositoryImpl_Factory
com.saferoute.service.FallDetectionService
com.saferoute.SafeRouteApplication_HiltComponents$ActivityC
com.saferoute.domain.model.AppSettings
com.saferoute.data.local.entity.SOSAlertEntity$Companion
com.saferoute.Hilt_SafeRouteApplication
com.saferoute.di.DatabaseModule_ProvideSafeZoneDaoFactory
com.saferoute.presentation.viewmodels.AlertHistoryViewModel_HiltModules_KeyModule_ProvideFactory
com.saferoute.presentation.viewmodels.SettingsViewModel
com.saferoute.DaggerSafeRouteApplication_HiltComponents_SingletonC$ServiceCBuilder
com.saferoute.data.local.entity.FallEventEntity
com.saferoute.SafeRouteApplication_HiltComponents$ViewModelC$Builder
com.saferoute.presentation.viewmodels.FallHistoryViewModel_Factory
com.saferoute.presentation.viewmodels.AuthViewModel_HiltModules_KeyModule_ProvideFactory
com.saferoute.SafeRouteApplication_HiltComponents$ViewWithFragmentC
com.saferoute.presentation.viewmodels.AlertHistoryViewModel
com.saferoute.presentation.viewmodels.AuthViewModel_Factory
com.saferoute.SafeRouteApplication_HiltComponents$FragmentC
com.saferoute.presentation.viewmodels.MainViewModel
com.saferoute.domain.model.SafeZone
com.saferoute.service.BootReceiver
com.saferoute.domain.model.FallDetectionState
com.saferoute.domain.model.SOSAlert
com.saferoute.SafeRouteApplication_HiltComponents$ViewModelC
com.saferoute.domain.model.AuthResult
com.saferoute.DaggerSafeRouteApplication_HiltComponents_SingletonC$ActivityCBuilder
com.saferoute.SafeRouteApplication_HiltComponents$ViewC
com.saferoute.service.SOSAlertService
com.saferoute.presentation.viewmodels.FallHistoryViewModel_HiltModules_KeyModule_ProvideFactory
com.saferoute.presentation.Hilt_MainActivity
com.saferoute.data.local.database.SafeRouteDatabase
com.saferoute.presentation.viewmodels.MainViewModel_Factory
com.saferoute.DaggerSafeRouteApplication_HiltComponents_SingletonC$ActivityRetainedCBuilder
com.saferoute.DaggerSafeRouteApplication_HiltComponents_SingletonC$ViewWithFragmentCImpl
com.saferoute.DaggerSafeRouteApplication_HiltComponents_SingletonC$ActivityRetainedCImpl$SwitchingProvider
com.saferoute.presentation.viewmodels.ContactsViewModel
com.saferoute.service.BootReceiver_GeneratedInjector
com.saferoute.DaggerSafeRouteApplication_HiltComponents_SingletonC$ActivityCImpl
com.saferoute.presentation.viewmodels.SafeZonesViewModel
com.saferoute.data.local.database.SafeRouteDatabase_Impl
com.saferoute.service.BluetoothService_GeneratedInjector
com.saferoute.data.repository.SettingsRepositoryImpl_Factory
com.saferoute.di.DatabaseModule_ProvideDatabaseFactory
com.saferoute.data.local.entity.FallEventEntity$Companion
com.saferoute.SafeRouteApplication_HiltComponents$SingletonC
com.saferoute.service.LocationTrackingService
com.saferoute.DaggerSafeRouteApplication_HiltComponents_SingletonC$ServiceCImpl
com.saferoute.DaggerSafeRouteApplication_HiltComponents_SingletonC$ViewCImpl
com.saferoute.domain.model.FallEvent
com.saferoute.service.BluetoothService
com.saferoute.DaggerSafeRouteApplication_HiltComponents_SingletonC$ViewCBuilder
com.saferoute.domain.model.LocationHistory
com.saferoute.data.local.entity.EmergencyContactEntity$Companion
com.saferoute.presentation.viewmodels.SettingsViewModel_HiltModules_KeyModule_ProvideFactory
com.saferoute.presentation.viewmodels.ContactsViewModel_HiltModules_KeyModule_ProvideFactory
com.saferoute.data.repository.SafeZoneRepositoryImpl_Factory
com.saferoute.domain.model.AppSettings$Companion
...
com.google.android.gms.location.LocationRequest: long getInterval()
com.google.android.gms.internal.auth-api-phone.zzw: boolean usesClientTelemetry()
com.google.android.gms.common.server.response.FastJsonResponse: FastJsonResponse()
com.google.android.gms.common.internal.safeparcel.SafeParcelReader: long readLong(android.os.Parcel,int)
androidx.core.view.ViewCompat$Api16Impl: int getWindowSystemUiVisibility(android.view.View)
com.google.android.gms.common.internal.zzaj: java.lang.Object[] newArray(int)
com.google.android.gms.internal.auth-api-phone.zzf: zzf()
androidx.compose.ui.input.pointer.util.VelocityTracker1D$Strategy: androidx.compose.ui.input.pointer.util.VelocityTracker1D$Strategy[] values()
com.google.android.gms.internal.auth.zzan: void zzh(com.google.android.gms.common.api.Status)
com.google.android.gms.location.LastLocationRequest$Builder: LastLocationRequest$Builder(com.google.android.gms.location.LastLocationRequest)
androidx.appcompat.widget.AppCompatSpinner: void setPopupBackgroundDrawable(android.graphics.drawable.Drawable)
kotlinx.serialization.json.internal.StreamingJsonDecoder: kotlinx.serialization.json.Json getJson()
kotlinx.serialization.json.internal.AbstractJsonTreeEncoder: java.lang.String composeName(java.lang.String,java.lang.String)
com.google.android.gms.location.LocationStatusCodes: LocationStatusCodes()
kotlinx.serialization.encoding.AbstractDecoder: short decodeShortElement(kotlinx.serialization.descriptors.SerialDescriptor,int)
com.google.android.gms.common.api.internal.zaae: androidx.collection.ArraySet zaa()
com.google.android.gms.fido.fido2.api.common.PublicKeyCredential$Builder: com.google.android.gms.fido.fido2.api.common.PublicKeyCredential build()
kotlinx.serialization.json.JsonElementKt: java.lang.Double getDoubleOrNull(kotlinx.serialization.json.JsonPrimitive)
androidx.fragment.app.Fragment: void setExitSharedElementCallback(androidx.core.app.SharedElementCallback)
kotlinx.serialization.internal.PluginGeneratedSerialDescriptor: void addElement(java.lang.String,boolean)
com.google.android.gms.location.LocationRequest: boolean isFastestIntervalExplicitlySet()
kotlinx.serialization.internal.GeneratedSerializer$DefaultImpls: kotlinx.serialization.KSerializer[] typeParametersSerializers(kotlinx.serialization.internal.GeneratedSerializer)
androidx.appcompat.widget.ActionBarOverlayLayout: void setHideOnContentScrollEnabled(boolean)
com.google.android.gms.fido.u2f.api.common.SignResponseData: void writeToParcel(android.os.Parcel,int)
com.google.android.gms.common.api.GoogleApiClient$Builder: com.google.android.gms.common.api.GoogleApiClient$Builder setHandler(android.os.Handler)
kotlinx.serialization.json.JsonArray: int lastIndexOf(kotlinx.serialization.json.JsonElement)
com.google.android.gms.common.api.BooleanResult: boolean getValue()
kotlinx.serialization.json.internal.StringJsonLexer: boolean tryConsumeComma()
androidx.biometric.FingerprintDialogFragment$3: FingerprintDialogFragment$3(androidx.biometric.FingerprintDialogFragment)
com.google.android.gms.internal.maps.zzr: com.google.android.gms.dynamic.IObjectWrapper zzj()
androidx.biometric.BiometricFragment$Api21Impl: BiometricFragment$Api21Impl()
kotlinx.serialization.internal.CharArrayBuilder: CharArrayBuilder(char[])
kotlinx.serialization.internal.PluginGeneratedSerialDescriptor$childSerializers$2: java.lang.Object invoke()
com.google.android.gms.maps.internal.zzf: com.google.android.gms.internal.maps.zzi zzj()
kotlinx.serialization.SerializersKt__SerializersKt: kotlinx.serialization.KSerializer parametrizedSerializerOrNull(kotlin.reflect.KClass,java.util.List,kotlin.jvm.functions.Function0)
com.google.android.gms.auth.api.AuthProxy: com.google.android.gms.auth.api.proxy.ProxyClient getClient(android.app.Activity,com.google.android.gms.auth.api.AuthProxyOptions)
com.google.android.gms.location.ActivityTransitionEvent: int getTransitionType()